== 2015-07-08 09:55:58,875 main.PackedBinary INFO This is EasyBuild 2.1.1 (framework: 2.1.1, easyblocks: 2.1.1) on host calculon.
== 2015-07-08 09:55:58,875 main.PackedBinary INFO This is easyblock PackedBinary from module easybuild.easyblocks.generic.packedbinary (/apps/software/EasyBuild/2.1.1/lib/python2.6/site-packages/easybuild_easyblocks-2.1.1-py2.6.egg/easybuild/easyblocks/generic/packedbinary.pyc)
== 2015-07-08 09:55:58,876 main.PackedBinary INFO Build dir set to /apps/.tmp/easybuild/builds/ngsutils/15.07.1/dummy-dummy
== 2015-07-08 09:55:58,876 main.PackedBinary INFO Install dir set to /apps/software/ngs-utils/15.07.1
== 2015-07-08 09:55:58,876 main.PackedBinary INFO Init completed for application name ngs-utils version 15.07.1
== 2015-07-08 09:55:58,877 main.easyblock INFO Obtained application instance of for ngs-utils (easyblock: PackedBinary)
== 2015-07-08 09:55:58,877 main.PackedBinary INFO building and installing ngs-utils/15.07.1...
== 2015-07-08 09:55:58,877 main.PackedBinary INFO fetching files...
== 2015-07-08 09:55:58,877 main.PackedBinary INFO Starting fetch step
== 2015-07-08 09:55:58,879 main.PackedBinary INFO Running method fetch_step part of step fetch
== 2015-07-08 09:55:58,880 main.PackedBinary WARNING Easyconfig does not specify an EasyBuild-version (key 'easybuild_version')! Assuming the latest version
== 2015-07-08 09:55:58,880 main.filetools INFO Command eb found at /apps/software/EasyBuild/2.1.1/bin/eb
== 2015-07-08 09:55:58,884 main.PackedBinary INFO Found file 15.07.1.tar.gz at /apps//sources/n/ngs-utils/15.07.1.tar.gz
== 2015-07-08 09:55:58,884 main.PackedBinary INFO Added sources: [{'path': '/apps/sources/n/ngs-utils/15.07.1.tar.gz', 'cmd': None, 'finalpath': '/apps/.tmp/easybuild/builds/ngsutils/15.07.1/dummy-dummy', 'name': '15.07.1.tar.gz', 'checksum': None}]
== 2015-07-08 09:55:58,884 main.PackedBinary INFO no patches provided
== 2015-07-08 09:55:58,943 main.PackedBinary INFO md5 checksum for /apps/sources/n/ngs-utils/15.07.1.tar.gz: a688d33a0a86a4020e05424f1c877a02
== 2015-07-08 09:55:58,972 main.PackedBinary INFO Setting parallelism: 48
== 2015-07-08 09:55:58,972 main.PackedBinary INFO Checking dirs that need to be created: ['/apps/software/ngs-utils', '/apps/modules/all/ngs-utils', '/apps/modules/bio/ngs-utils']
== 2015-07-08 09:55:58,973 main.PackedBinary INFO creating build dir, resetting environment...
== 2015-07-08 09:55:58,973 main.PackedBinary INFO Starting ready step
== 2015-07-08 09:55:58,975 main.PackedBinary INFO Running method check_readiness_step part of step ready
== 2015-07-08 09:55:59,019 main.PackedBinary WARNING Loaded modules detected: ['EasyBuild/2.1.1']
== 2015-07-08 09:55:59,501 main.PackedBinary INFO Running method make_builddir part of step ready
== 2015-07-08 09:55:59,504 main.filetools INFO Creating directory /apps/.tmp/easybuild/builds/ngsutils/15.07.1/dummy-dummy (parents: True, set_gid: False, sticky: False)
== 2015-07-08 09:55:59,511 main.PackedBinary INFO Running method env_reset_changes part of step ready
== 2015-07-08 09:55:59,511 main.PackedBinary INFO Running method handle_iterate_opts part of step ready
== 2015-07-08 09:55:59,511 main.PackedBinary INFO unpacking...
== 2015-07-08 09:55:59,511 main.PackedBinary INFO Starting source step
== 2015-07-08 09:55:59,513 main.PackedBinary INFO Running method checksum_step part of step source
== 2015-07-08 09:55:59,514 main.PackedBinary INFO Checksum verification for /apps/sources/n/ngs-utils/15.07.1.tar.gz using None passed.
== 2015-07-08 09:55:59,514 main.PackedBinary INFO Running method extract_step part of step source
== 2015-07-08 09:55:59,514 main.PackedBinary INFO Unpacking source 15.07.1.tar.gz
== 2015-07-08 09:56:02,577 main.PackedBinary INFO patching...
== 2015-07-08 09:56:02,578 main.PackedBinary INFO Starting patch step
== 2015-07-08 09:56:02,579 main.PackedBinary INFO Running method patch_step part of step patch
== 2015-07-08 09:56:02,580 main.PackedBinary INFO preparing...
== 2015-07-08 09:56:02,580 main.PackedBinary INFO Starting prepare step
== 2015-07-08 09:56:02,582 main.PackedBinary INFO Running method prepare_step part of step prepare
== 2015-07-08 09:56:02,582 main.Dummy INFO prepare: toolchain dummy mode, dummy version; not loading dependencies
== 2015-07-08 09:56:02,582 main.PackedBinary INFO configuring...
== 2015-07-08 09:56:02,583 main.PackedBinary INFO Starting configure step
== 2015-07-08 09:56:02,584 main.PackedBinary INFO Running method configure_step part of step configure
== 2015-07-08 09:56:02,585 main.PackedBinary INFO building...
== 2015-07-08 09:56:02,585 main.PackedBinary INFO Starting build step
== 2015-07-08 09:56:02,587 main.PackedBinary INFO Running method build_step part of step build
== 2015-07-08 09:56:02,587 main.PackedBinary INFO testing...
== 2015-07-08 09:56:02,587 main.PackedBinary INFO Starting test step
== 2015-07-08 09:56:02,589 main.PackedBinary INFO Running method test_step part of step test
== 2015-07-08 09:56:02,589 main.PackedBinary INFO installing...
== 2015-07-08 09:56:02,589 main.PackedBinary INFO Starting install step
== 2015-07-08 09:56:02,591 main.PackedBinary INFO Running method stage_install_step part of step install
== 2015-07-08 09:56:02,591 main.PackedBinary INFO Running method make_installdir part of step install
== 2015-07-08 09:56:02,592 main.PackedBinary INFO Found old directory /apps/software/ngs-utils/15.07.1
== 2015-07-08 09:56:03,022 main.filetools INFO Path /apps/software/ngs-utils/15.07.1 successfully removed.
== 2015-07-08 09:56:03,023 main.PackedBinary INFO Removed old directory /apps/software/ngs-utils/15.07.1
== 2015-07-08 09:56:03,023 main.filetools INFO Creating directory /apps/software/ngs-utils/15.07.1 (parents: True, set_gid: False, sticky: False)
== 2015-07-08 09:56:03,025 main.PackedBinary INFO Running method install_step part of step install
== 2015-07-08 09:56:03,029 main.filetools INFO Path /apps/software/ngs-utils/15.07.1 successfully removed.
== 2015-07-08 09:56:06,427 main.PackedBinary INFO taking care of extensions...
== 2015-07-08 09:56:06,428 main.PackedBinary INFO Starting extensions step
== 2015-07-08 09:56:06,430 main.PackedBinary INFO Running method extensions_step part of step extensions
== 2015-07-08 09:56:06,430 main.PackedBinary INFO packaging...
== 2015-07-08 09:56:06,430 main.PackedBinary INFO Starting package step
== 2015-07-08 09:56:06,432 main.PackedBinary INFO Running method package_step part of step package
== 2015-07-08 09:56:06,432 main.PackedBinary INFO postprocessing...
== 2015-07-08 09:56:06,432 main.PackedBinary INFO Starting postproc step
== 2015-07-08 09:56:06,434 main.PackedBinary INFO Running method post_install_step part of step postproc
== 2015-07-08 09:56:06,461 main.run INFO cmd "chmod -R 775 /apps/software/ngs-utils/15.07.1/*.sh" exited with exitcode 0 and output:

== 2015-07-08 09:56:06,470 main.run INFO cmd "chmod -R 775 /apps/software/ngs-utils/15.07.1/*.bash" exited with exitcode 0 and output:

== 2015-07-08 09:56:06,561 main.run INFO cmd "chmod -R 775 /apps/software/ngs-utils/15.07.1/*.pl" exited with exitcode 0 and output:

== 2015-07-08 09:56:06,585 main.run INFO cmd "chmod -R 775 /apps/software/ngs-utils/15.07.1/*.py" exited with exitcode 0 and output:

== 2015-07-08 09:56:06,622 main.run INFO cmd "chmod -R 775 /apps/software/ngs-utils/15.07.1/*.R" exited with exitcode 0 and output:

== 2015-07-08 09:56:06,990 main.run INFO cmd "chmod -R g+rwX,o+rX,o-w /apps/software/ngs-utils/15.07.1/*" exited with exitcode 0 and output:

== 2015-07-08 09:56:06,990 main.filetools INFO Adjusting permissions recursively for /apps/software/ngs-utils/15.07.1
== 2015-07-08 09:56:07,466 main.PackedBinary INFO Successfully removed write permissions recursively for group/other on install dir.
== 2015-07-08 09:56:07,466 main.PackedBinary INFO sanity checking...
== 2015-07-08 09:56:07,466 main.PackedBinary INFO Starting sanitycheck step
== 2015-07-08 09:56:07,468 main.PackedBinary INFO Running method sanity_check_step part of step sanitycheck
== 2015-07-08 09:56:07,469 main.PackedBinary INFO Using specified sanity check paths: {'files': ['make_compute5_bedfiles.sh'], 'dirs': []}
== 2015-07-08 09:56:07,470 main.filetools INFO Creating directory /tmp/eb-LBbi_T/tmp2EwFdF/all/ngs-utils (parents: True, set_gid: False, sticky: False)
== 2015-07-08 09:56:07,471 main.filetools INFO Creating directory /tmp/eb-LBbi_T/tmp2EwFdF/bio/ngs-utils (parents: True, set_gid: False, sticky: False)
== 2015-07-08 09:56:07,478 main.PackedBinary INFO Module file /tmp/eb-LBbi_T/tmp2EwFdF/all/ngs-utils/15.07.1 written: #%Module
proc ModulesHelp { } {
    puts stderr { This distribution already contains several pipelines/protocols/parameter files which you can use 'out-of-the-box' to align and impute your NGS data using MOLGENIS Compute. - Homepage: https://github.com/molgenis/molgenis-pipelines
    }
}

module-whatis {Description: This distribution already contains several pipelines/protocols/parameter files which you can use 'out-of-the-box' to align and impute your NGS data using MOLGENIS Compute. - Homepage: https://github.com/molgenis/molgenis-pipelines}

set root /apps/software/ngs-utils/15.07.1

conflict ngs-utils

if { ![ is-loaded Text-CSV/1.33-goolf-1.7.20 ] } {
    module load Text-CSV/1.33-goolf-1.7.20
}

prepend-path	CLASSPATH		$root/ExpandWorksheetWithMergeWorksheet.jar
prepend-path	CLASSPATH		$root/InspectComputeJobs.jar
setenv	EBROOTNGSMINUTILS		"$root"
setenv	EBVERSIONNGSMINUTILS		"15.07.1"
setenv	EBDEVELNGSMINUTILS		"$root/easybuild/ngs-utils-15.07.1-easybuild-devel"

prepend-path	PATH		$root
# Built with EasyBuild version 2.1.1

== 2015-07-08 09:56:07,849 main.environment INFO Environment variable EBDEVELEASYBUILD set to /apps/software/EasyBuild/2.1.1/easybuild/EasyBuild-2.1.1-easybuild-devel (previously undefined)
== 2015-07-08 09:56:07,850 main.environment INFO Environment variable LIBRARY_PATH set to /apps/software/EasyBuild/2.1.1/lib (previously undefined)
== 2015-07-08 09:56:07,850 main.environment INFO Environment variable _ModuleTable003_ set to c2hhcmUvTW9kdWxlcy9tb2R1bGVmaWxlcyIsIi91c3Ivc2hhcmUvbW9kdWxlZmlsZXMvTGludXgiLCIvdXNyL3NoYXJlL21vZHVsZWZpbGVzL0NvcmUiLCIvdXNyL3NoYXJlL2xtb2QvbG1vZC9tb2R1bGVmaWxlcy9Db3JlIix9LFsic3lzdGVtQmFzZU1QQVRIIl09Ii9ldGMvbW9kdWxlZmlsZXM6L3Vzci9zaGFyZS9tb2R1bGVmaWxlczovdXNyL3NoYXJlL01vZHVsZXMvbW9kdWxlZmlsZXM6L3Vzci9zaGFyZS9tb2R1bGVmaWxlcy9MaW51eDovdXNyL3NoYXJlL21vZHVsZWZpbGVzL0NvcmU6L3Vzci9zaGFyZS9sbW9kL2xtb2QvbW9kdWxlZmlsZXMvQ29yZSIsWyJ2ZXJzaW9uIl09Mix9 (previous value: 'bW9kL21vZHVsZWZpbGVzL0NvcmUiLH0sWyJzeXN0ZW1CYXNlTVBBVEgiXT0iL2V0Yy9tb2R1bGVmaWxlczovdXNyL3NoYXJlL21vZHVsZWZpbGVzOi91c3Ivc2hhcmUvTW9kdWxlcy9tb2R1bGVmaWxlczovdXNyL3NoYXJlL21vZHVsZWZpbGVzL0xpbnV4Oi91c3Ivc2hhcmUvbW9kdWxlZmlsZXMvQ29yZTovdXNyL3NoYXJlL2xtb2QvbG1vZC9tb2R1bGVmaWxlcy9Db3JlIixbInZlcnNpb24iXT0yLH0=')
== 2015-07-08 09:56:07,850 main.environment INFO Environment variable PYTHONPATH set to /apps/software/EasyBuild/2.1.1/lib/python2.6/site-packages (previously undefined)
== 2015-07-08 09:56:07,850 main.environment INFO Environment variable _ModuleTable001_ set to X01vZHVsZVRhYmxlXz17WyJhY3RpdmVTaXplIl09MSxiYXNlTXBhdGhBPXsiL2FwcHMvbW9kdWxlcy9hbGwiLCIvYXBwcy9tb2R1bGVzL2JpbyIsIi9ldGMvbW9kdWxlZmlsZXMiLCIvdXNyL3NoYXJlL21vZHVsZWZpbGVzIiwiL3Vzci9zaGFyZS9sbW9kLzUuNy41L21vZHVsZWZpbGVzL0NvcmUiLCIvZ2NjL2dyb3Vwcy9nY2MvaG9tZS9ya2FubmluZ2EvbW9kdWxlcyIsIi91c3Ivc2hhcmUvTW9kdWxlcy9tb2R1bGVmaWxlcyIsIi91c3Ivc2hhcmUvbW9kdWxlZmlsZXMvTGludXgiLCIvdXNyL3NoYXJlL21vZHVsZWZpbGVzL0NvcmUiLCIvdXNyL3NoYXJlL2xtb2QvbG1vZC9tb2R1bGVmaWxlcy9Db3JlIix9LFsiY19yZWJ1aWxkVGltZSJdPTg2NDAwLFsiY19zaG9ydFRpbWUi (previous value: 'X01vZHVsZVRhYmxlXz17WyJhY3RpdmVTaXplIl09MCxiYXNlTXBhdGhBPXsiL3RtcC9lYi1MQmJpX1QvdG1wMkV3RmRGL2FsbCIsIi9hcHBzL21vZHVsZXMvYWxsIiwiL2FwcHMvbW9kdWxlcy9iaW8iLCIvZXRjL21vZHVsZWZpbGVzIiwiL3Vzci9zaGFyZS9tb2R1bGVmaWxlcyIsIi91c3Ivc2hhcmUvbG1vZC81LjcuNS9tb2R1bGVmaWxlcy9Db3JlIiwiL2djYy9ncm91cHMvZ2NjL2hvbWUvcmthbm5pbmdhL21vZHVsZXMiLCIvdXNyL3NoYXJlL01vZHVsZXMvbW9kdWxlZmlsZXMiLCIvdXNyL3NoYXJlL21vZHVsZWZpbGVzL0xpbnV4IiwiL3Vzci9zaGFyZS9tb2R1bGVmaWxlcy9Db3JlIiwiL3Vzci9zaGFyZS9sbW9kL2xtb2QvbW9kdWxlZmlsZXMvQ29yZSIsfSxbImNfcmVi')
== 2015-07-08 09:56:07,850 main.environment INFO Environment variable PATH set to /apps/modules:/apps/software/EasyBuild/2.1.1/bin:/usr/share/lmod/lmod/libexec:/usr/lib64/qt-3.3/bin:/usr/local/bin:/bin:/usr/bin:/usr/local/sbin:/usr/sbin:/sbin:/home/umcg-rkanninga/bin (previous value: '/apps/modules:/usr/share/lmod/lmod/libexec:/usr/lib64/qt-3.3/bin:/usr/local/bin:/bin:/usr/bin:/usr/local/sbin:/usr/sbin:/sbin:/home/umcg-rkanninga/bin')
== 2015-07-08 09:56:07,851 main.environment INFO Environment variable EBROOTEASYBUILD set to /apps/software/EasyBuild/2.1.1 (previously undefined)
== 2015-07-08 09:56:07,851 main.environment INFO Environment variable EBVERSIONEASYBUILD set to 2.1.1 (previously undefined)
== 2015-07-08 09:56:07,851 main.environment INFO Environment variable MODULEPATH set to /apps/modules/all:/apps/modules/bio:/etc/modulefiles:/usr/share/modulefiles:/usr/share/lmod/5.7.5/modulefiles/Core:/gcc/groups/gcc/home/rkanninga/modules:/usr/share/Modules/modulefiles:/usr/share/modulefiles/Linux:/usr/share/modulefiles/Core:/usr/share/lmod/lmod/modulefiles/Core (previous value: '/tmp/eb-LBbi_T/tmp2EwFdF/all:/apps/modules/all:/apps/modules/bio:/etc/modulefiles:/usr/share/modulefiles:/usr/share/lmod/5.7.5/modulefiles/Core:/gcc/groups/gcc/home/rkanninga/modules:/usr/share/Modules/modulefiles:/usr/share/modulefiles/Linux:/usr/share/modulefiles/Core:/usr/share/lmod/lmod/modulefiles/Core')
== 2015-07-08 09:56:07,851 main.environment INFO Environment variable _LMFILES_ set to /apps/modules/all/EasyBuild/2.1.1 (previously undefined)
== 2015-07-08 09:56:07,851 main.environment INFO Environment variable LOADEDMODULES set to EasyBuild/2.1.1 (previously undefined)
== 2015-07-08 09:56:07,852 main.environment INFO Environment variable LMOD_DEFAULT_MODULEPATH set to /apps/modules/all:/apps/modules/bio:/etc/modulefiles:/usr/share/modulefiles:/usr/share/lmod/5.7.5/modulefiles/Core:/gcc/groups/gcc/home/rkanninga/modules:/usr/share/Modules/modulefiles:/usr/share/modulefiles/Linux:/usr/share/modulefiles/Core:/usr/share/lmod/lmod/modulefiles/Core (previous value: '/tmp/eb-LBbi_T/tmp2EwFdF/all:/apps/modules/all:/apps/modules/bio:/etc/modulefiles:/usr/share/modulefiles:/usr/share/lmod/5.7.5/modulefiles/Core:/gcc/groups/gcc/home/rkanninga/modules:/usr/share/Modules/modulefiles:/usr/share/modulefiles/Linux:/usr/share/modulefiles/Core:/usr/share/lmod/lmod/modulefiles/Core')
== 2015-07-08 09:56:07,852 main.environment INFO Environment variable _ModuleTable002_ set to XT1mYWxzZSxmYW1pbHk9e30saW5hY3RpdmU9e30sbVQ9e0Vhc3lCdWlsZD17WyJGTiJdPSIvYXBwcy9tb2R1bGVzL2FsbC9FYXN5QnVpbGQvMi4xLjEiLFsiZGVmYXVsdCJdPTAsWyJmdWxsTmFtZSJdPSJFYXN5QnVpbGQvMi4xLjEiLFsibG9hZE9yZGVyIl09MSxwcm9wVD17fSxbInNob3J0Il09IkVhc3lCdWlsZCIsWyJzdGF0dXMiXT0iYWN0aXZlIix9LH0sbXBhdGhBPXsiL2FwcHMvbW9kdWxlcy9hbGwiLCIvYXBwcy9tb2R1bGVzL2JpbyIsIi9ldGMvbW9kdWxlZmlsZXMiLCIvdXNyL3NoYXJlL21vZHVsZWZpbGVzIiwiL3Vzci9zaGFyZS9sbW9kLzUuNy41L21vZHVsZWZpbGVzL0NvcmUiLCIvZ2NjL2dyb3Vwcy9nY2MvaG9tZS9ya2FubmluZ2EvbW9kdWxlcyIsIi91c3Iv (previous value: 'dWlsZFRpbWUiXT04NjQwMCxbImNfc2hvcnRUaW1lIl09ZmFsc2UsZmFtaWx5PXt9LGluYWN0aXZlPXt9LG1UPXt9LG1wYXRoQT17Ii90bXAvZWItTEJiaV9UL3RtcDJFd0ZkRi9hbGwiLCIvYXBwcy9tb2R1bGVzL2FsbCIsIi9hcHBzL21vZHVsZXMvYmlvIiwiL2V0Yy9tb2R1bGVmaWxlcyIsIi91c3Ivc2hhcmUvbW9kdWxlZmlsZXMiLCIvdXNyL3NoYXJlL2xtb2QvNS43LjUvbW9kdWxlZmlsZXMvQ29yZSIsIi9nY2MvZ3JvdXBzL2djYy9ob21lL3JrYW5uaW5nYS9tb2R1bGVzIiwiL3Vzci9zaGFyZS9Nb2R1bGVzL21vZHVsZWZpbGVzIiwiL3Vzci9zaGFyZS9tb2R1bGVmaWxlcy9MaW51eCIsIi91c3Ivc2hhcmUvbW9kdWxlZmlsZXMvQ29yZSIsIi91c3Ivc2hhcmUvbG1vZC9s')
== 2015-07-08 09:56:10,259 main.Lmod INFO $MODULEPATH set based on list of module paths (via 'module use'): /tmp/eb-LBbi_T/tmp2EwFdF/all:/apps/modules/all:/apps/modules/bio:/etc/modulefiles:/usr/share/modulefiles:/usr/share/lmod/5.7.5/modulefiles/Core:/gcc/groups/gcc/home/rkanninga/modules:/usr/share/Modules/modulefiles:/usr/share/modulefiles/Linux:/usr/share/modulefiles/Core:/usr/share/lmod/lmod/modulefiles/Core
== 2015-07-08 09:56:10,825 main.PackedBinary INFO Using specified sanity check commands: []
== 2015-07-08 09:56:11,292 main.filetools INFO Path /tmp/eb-LBbi_T/tmp2EwFdF successfully removed.
== 2015-07-08 09:56:11,292 main.environment INFO Environment variable LD_LIBRARY_PATH set to /apps/software/EasyBuild/2.1.1/lib (previous value: '/apps/software/Text-CSV/1.33-goolf-1.7.20/lib:/apps/software/Perl/5.20.2-goolf-1.7.20-bare/lib:/apps/software/ScaLAPACK/2.0.2-gompi-1.7.20-OpenBLAS-0.2.13-LAPACK-3.5.0/lib:/apps/software/FFTW/3.3.4-gompi-1.7.20/lib:/apps/software/OpenBLAS/0.2.13-GCC-4.8.4-LAPACK-3.5.0/lib:/apps/software/OpenMPI/1.8.4-GCC-4.8.4/lib:/apps/software/hwloc/1.10.1-GCC-4.8.4/lib:/apps/software/numactl/2.0.10-GCC-4.8.4/lib:/apps/software/GCC/4.8.4/lib/gcc/x86_64-unknown-linux-gnu/4.8.4:/apps/software/GCC/4.8.4/lib64:/apps/software/GCC/4.8.4/lib:/apps/software/EasyBuild/2.1.1/lib')
== 2015-07-08 09:56:11,293 main.environment INFO Environment variable LIBRARY_PATH set to /apps/software/EasyBuild/2.1.1/lib (previous value: '/apps/software/Text-CSV/1.33-goolf-1.7.20/lib:/apps/software/Perl/5.20.2-goolf-1.7.20-bare/lib:/apps/software/ScaLAPACK/2.0.2-gompi-1.7.20-OpenBLAS-0.2.13-LAPACK-3.5.0/lib:/apps/software/FFTW/3.3.4-gompi-1.7.20/lib:/apps/software/OpenBLAS/0.2.13-GCC-4.8.4-LAPACK-3.5.0/lib:/apps/software/OpenMPI/1.8.4-GCC-4.8.4/lib:/apps/software/hwloc/1.10.1-GCC-4.8.4/lib:/apps/software/numactl/2.0.10-GCC-4.8.4/lib:/apps/software/GCC/4.8.4/lib64:/apps/software/GCC/4.8.4/lib:/apps/software/EasyBuild/2.1.1/lib')
== 2015-07-08 09:56:11,293 main.environment INFO Environment variable _ModuleTable003_ set to c2hhcmUvTW9kdWxlcy9tb2R1bGVmaWxlcyIsIi91c3Ivc2hhcmUvbW9kdWxlZmlsZXMvTGludXgiLCIvdXNyL3NoYXJlL21vZHVsZWZpbGVzL0NvcmUiLCIvdXNyL3NoYXJlL2xtb2QvbG1vZC9tb2R1bGVmaWxlcy9Db3JlIix9LFsic3lzdGVtQmFzZU1QQVRIIl09Ii9ldGMvbW9kdWxlZmlsZXM6L3Vzci9zaGFyZS9tb2R1bGVmaWxlczovdXNyL3NoYXJlL01vZHVsZXMvbW9kdWxlZmlsZXM6L3Vzci9zaGFyZS9tb2R1bGVmaWxlcy9MaW51eDovdXNyL3NoYXJlL21vZHVsZWZpbGVzL0NvcmU6L3Vzci9zaGFyZS9sbW9kL2xtb2QvbW9kdWxlZmlsZXMvQ29yZSIsWyJ2ZXJzaW9uIl09Mix9 (previous value: 'Rk4iXT0iL2FwcHMvbW9kdWxlcy9hbGwvR0NDLzQuOC40IixbImRlZmF1bHQiXT0wLFsiZnVsbE5hbWUiXT0iR0NDLzQuOC40IixbImxvYWRPcmRlciJdPTIscHJvcFQ9e30sWyJzaG9ydCJdPSJHQ0MiLFsic3RhdHVzIl09ImFjdGl2ZSIsfSxPcGVuQkxBUz17WyJGTiJdPSIvYXBwcy9tb2R1bGVzL2FsbC9PcGVuQkxBUy8wLjIuMTMtR0NDLTQuOC40LUxBUEFDSy0zLjUuMCIsWyJkZWZhdWx0Il09MCxbImZ1bGxOYW1lIl09Ik9wZW5CTEFTLzAuMi4xMy1HQ0MtNC44LjQtTEFQQUNLLTMuNS4wIixbImxvYWRPcmRlciJdPTYscHJvcFQ9e30sWyJzaG9ydCJdPSJPcGVuQkxBUyIsWyJzdGF0dXMiXT0iYWN0aXZlIix9LE9wZW5NUEk9e1siRk4iXT0iL2FwcHMvbW9kdWxlcy9hbGwv')
== 2015-07-08 09:56:11,293 main.environment INFO Environment variable MANPATH set to /usr/share/lmod/lmod/share/man (previous value: '/apps/software/Text-CSV/1.33-goolf-1.7.20/man:/apps/software/Perl/5.20.2-goolf-1.7.20-bare/man:/apps/software/FFTW/3.3.4-gompi-1.7.20/share/man:/apps/software/OpenMPI/1.8.4-GCC-4.8.4/share/man:/apps/software/hwloc/1.10.1-GCC-4.8.4/share/man:/apps/software/numactl/2.0.10-GCC-4.8.4/share/man:/apps/software/GCC/4.8.4/share/man:/usr/share/lmod/lmod/share/man')
== 2015-07-08 09:56:11,293 main.environment INFO Environment variable _ModuleTable_Sz_ set to 3 (previous value: '9')
== 2015-07-08 09:56:11,294 main.environment INFO Environment variable _ModuleTable001_ set to X01vZHVsZVRhYmxlXz17WyJhY3RpdmVTaXplIl09MSxiYXNlTXBhdGhBPXsiL2FwcHMvbW9kdWxlcy9hbGwiLCIvYXBwcy9tb2R1bGVzL2JpbyIsIi9ldGMvbW9kdWxlZmlsZXMiLCIvdXNyL3NoYXJlL21vZHVsZWZpbGVzIiwiL3Vzci9zaGFyZS9sbW9kLzUuNy41L21vZHVsZWZpbGVzL0NvcmUiLCIvZ2NjL2dyb3Vwcy9nY2MvaG9tZS9ya2FubmluZ2EvbW9kdWxlcyIsIi91c3Ivc2hhcmUvTW9kdWxlcy9tb2R1bGVmaWxlcyIsIi91c3Ivc2hhcmUvbW9kdWxlZmlsZXMvTGludXgiLCIvdXNyL3NoYXJlL21vZHVsZWZpbGVzL0NvcmUiLCIvdXNyL3NoYXJlL2xtb2QvbG1vZC9tb2R1bGVmaWxlcy9Db3JlIix9LFsiY19yZWJ1aWxkVGltZSJdPTg2NDAwLFsiY19zaG9ydFRpbWUi (previous value: 'X01vZHVsZVRhYmxlXz17WyJhY3RpdmVTaXplIl09MTIsYmFzZU1wYXRoQT17Ii9hcHBzL21vZHVsZXMvYWxsIiwiL2FwcHMvbW9kdWxlcy9iaW8iLCIvZXRjL21vZHVsZWZpbGVzIiwiL3Vzci9zaGFyZS9tb2R1bGVmaWxlcyIsIi91c3Ivc2hhcmUvbG1vZC81LjcuNS9tb2R1bGVmaWxlcy9Db3JlIiwiL2djYy9ncm91cHMvZ2NjL2hvbWUvcmthbm5pbmdhL21vZHVsZXMiLCIvdXNyL3NoYXJlL01vZHVsZXMvbW9kdWxlZmlsZXMiLCIvdXNyL3NoYXJlL21vZHVsZWZpbGVzL0xpbnV4IiwiL3Vzci9zaGFyZS9tb2R1bGVmaWxlcy9Db3JlIiwiL3Vzci9zaGFyZS9sbW9kL2xtb2QvbW9kdWxlZmlsZXMvQ29yZSIsfSxbImNfcmVidWlsZFRpbWUiXT04NjQwMCxbImNfc2hvcnRUaW1l')
== 2015-07-08 09:56:11,294 main.environment INFO Environment variable PATH set to /apps/modules:/apps/software/EasyBuild/2.1.1/bin:/usr/share/lmod/lmod/libexec:/usr/lib64/qt-3.3/bin:/usr/local/bin:/bin:/usr/bin:/usr/local/sbin:/usr/sbin:/sbin:/home/umcg-rkanninga/bin (previous value: '/apps/software/Perl/5.20.2-goolf-1.7.20-bare/bin:/apps/software/FFTW/3.3.4-gompi-1.7.20/bin:/apps/software/OpenBLAS/0.2.13-GCC-4.8.4-LAPACK-3.5.0/bin:/apps/software/OpenMPI/1.8.4-GCC-4.8.4/bin:/apps/software/hwloc/1.10.1-GCC-4.8.4/bin:/apps/software/numactl/2.0.10-GCC-4.8.4/bin:/apps/software/GCC/4.8.4/bin:/apps/modules:/apps/software/EasyBuild/2.1.1/bin:/usr/share/lmod/lmod/libexec:/usr/lib64/qt-3.3/bin:/usr/local/bin:/bin:/usr/bin:/usr/local/sbin:/usr/sbin:/sbin:/home/umcg-rkanninga/bin')
== 2015-07-08 09:56:11,294 main.environment INFO Environment variable _LMFILES_ set to /apps/modules/all/EasyBuild/2.1.1 (previous value: '/apps/modules/all/EasyBuild/2.1.1:/apps/modules/all/GCC/4.8.4:/apps/modules/all/numactl/2.0.10-GCC-4.8.4:/apps/modules/all/hwloc/1.10.1-GCC-4.8.4:/apps/modules/all/OpenMPI/1.8.4-GCC-4.8.4:/apps/modules/all/OpenBLAS/0.2.13-GCC-4.8.4-LAPACK-3.5.0:/apps/modules/all/gompi/1.7.20:/apps/modules/all/FFTW/3.3.4-gompi-1.7.20:/apps/modules/all/ScaLAPACK/2.0.2-gompi-1.7.20-OpenBLAS-0.2.13-LAPACK-3.5.0:/apps/modules/all/goolf/1.7.20:/apps/modules/all/Perl/5.20.2-goolf-1.7.20-bare:/apps/modules/all/Text-CSV/1.33-goolf-1.7.20')
== 2015-07-08 09:56:11,294 main.environment INFO Environment variable LOADEDMODULES set to EasyBuild/2.1.1 (previous value: 'EasyBuild/2.1.1:GCC/4.8.4:numactl/2.0.10-GCC-4.8.4:hwloc/1.10.1-GCC-4.8.4:OpenMPI/1.8.4-GCC-4.8.4:OpenBLAS/0.2.13-GCC-4.8.4-LAPACK-3.5.0:gompi/1.7.20:FFTW/3.3.4-gompi-1.7.20:ScaLAPACK/2.0.2-gompi-1.7.20-OpenBLAS-0.2.13-LAPACK-3.5.0:goolf/1.7.20:Perl/5.20.2-goolf-1.7.20-bare:Text-CSV/1.33-goolf-1.7.20')
== 2015-07-08 09:56:11,294 main.environment INFO Environment variable _ModuleTable002_ set to XT1mYWxzZSxmYW1pbHk9e30saW5hY3RpdmU9e30sbVQ9e0Vhc3lCdWlsZD17WyJGTiJdPSIvYXBwcy9tb2R1bGVzL2FsbC9FYXN5QnVpbGQvMi4xLjEiLFsiZGVmYXVsdCJdPTAsWyJmdWxsTmFtZSJdPSJFYXN5QnVpbGQvMi4xLjEiLFsibG9hZE9yZGVyIl09MSxwcm9wVD17fSxbInNob3J0Il09IkVhc3lCdWlsZCIsWyJzdGF0dXMiXT0iYWN0aXZlIix9LH0sbXBhdGhBPXsiL2FwcHMvbW9kdWxlcy9hbGwiLCIvYXBwcy9tb2R1bGVzL2JpbyIsIi9ldGMvbW9kdWxlZmlsZXMiLCIvdXNyL3NoYXJlL21vZHVsZWZpbGVzIiwiL3Vzci9zaGFyZS9sbW9kLzUuNy41L21vZHVsZWZpbGVzL0NvcmUiLCIvZ2NjL2dyb3Vwcy9nY2MvaG9tZS9ya2FubmluZ2EvbW9kdWxlcyIsIi91c3Iv (previous value: 'Il09ZmFsc2UsZmFtaWx5PXt9LGluYWN0aXZlPXt9LG1UPXtFYXN5QnVpbGQ9e1siRk4iXT0iL2FwcHMvbW9kdWxlcy9hbGwvRWFzeUJ1aWxkLzIuMS4xIixbImRlZmF1bHQiXT0wLFsiZnVsbE5hbWUiXT0iRWFzeUJ1aWxkLzIuMS4xIixbImxvYWRPcmRlciJdPTEscHJvcFQ9e30sWyJzaG9ydCJdPSJFYXN5QnVpbGQiLFsic3RhdHVzIl09ImFjdGl2ZSIsfSxGRlRXPXtbIkZOIl09Ii9hcHBzL21vZHVsZXMvYWxsL0ZGVFcvMy4zLjQtZ29tcGktMS43LjIwIixbImRlZmF1bHQiXT0wLFsiZnVsbE5hbWUiXT0iRkZUVy8zLjMuNC1nb21waS0xLjcuMjAiLFsibG9hZE9yZGVyIl09OCxwcm9wVD17fSxbInNob3J0Il09IkZGVFciLFsic3RhdHVzIl09ImFjdGl2ZSIsfSxHQ0M9e1si')
== 2015-07-08 09:56:11,295 main.PackedBinary INFO cleaning up...
== 2015-07-08 09:56:11,295 main.PackedBinary INFO Starting cleanup step
== 2015-07-08 09:56:11,297 main.PackedBinary INFO Running method cleanup_step part of step cleanup
== 2015-07-08 09:56:11,297 main.PackedBinary INFO Cleaning up builddir /apps/.tmp/easybuild/builds/ngsutils/15.07.1/dummy-dummy (in /apps/sources/EasyBuild/custom)
== 2015-07-08 09:56:11,656 main.filetools INFO Path /apps/.tmp/easybuild/builds/ngsutils/15.07.1/dummy-dummy successfully removed.
== 2015-07-08 09:56:11,668 main.PackedBinary INFO creating module...
== 2015-07-08 09:56:11,668 main.PackedBinary INFO Starting module step
== 2015-07-08 09:56:11,670 main.PackedBinary INFO Running method make_module_step part of step module
== 2015-07-08 09:56:11,681 main.PackedBinary INFO Module file /apps/modules/all/ngs-utils/15.07.1 written: #%Module
proc ModulesHelp { } {
    puts stderr { This distribution already contains several pipelines/protocols/parameter files which you can use 'out-of-the-box' to align and impute your NGS data using MOLGENIS Compute. - Homepage: https://github.com/molgenis/molgenis-pipelines
    }
}

module-whatis {Description: This distribution already contains several pipelines/protocols/parameter files which you can use 'out-of-the-box' to align and impute your NGS data using MOLGENIS Compute. - Homepage: https://github.com/molgenis/molgenis-pipelines}

set root /apps/software/ngs-utils/15.07.1

conflict ngs-utils

if { ![ is-loaded Text-CSV/1.33-goolf-1.7.20 ] } {
    module load Text-CSV/1.33-goolf-1.7.20
}

prepend-path	CLASSPATH		$root/ExpandWorksheetWithMergeWorksheet.jar
prepend-path	CLASSPATH		$root/InspectComputeJobs.jar
setenv	EBROOTNGSMINUTILS		"$root"
setenv	EBVERSIONNGSMINUTILS		"15.07.1"
setenv	EBDEVELNGSMINUTILS		"$root/easybuild/ngs-utils-15.07.1-easybuild-devel"

prepend-path	PATH		$root
# Built with EasyBuild version 2.1.1

== 2015-07-08 09:56:11,682 main.PackedBinary INFO Making devel module...
== 2015-07-08 09:56:11,683 main.filetools INFO Creating directory /tmp/eb-LBbi_T/tmp5BcXpz/all/ngs-utils (parents: True, set_gid: False, sticky: False)
== 2015-07-08 09:56:11,683 main.filetools INFO Creating directory /tmp/eb-LBbi_T/tmp5BcXpz/bio/ngs-utils (parents: True, set_gid: False, sticky: False)
== 2015-07-08 09:56:11,684 main.PackedBinary INFO Module file /tmp/eb-LBbi_T/tmp5BcXpz/all/ngs-utils/15.07.1 written: #%Module
proc ModulesHelp { } {
    puts stderr { This distribution already contains several pipelines/protocols/parameter files which you can use 'out-of-the-box' to align and impute your NGS data using MOLGENIS Compute. - Homepage: https://github.com/molgenis/molgenis-pipelines
    }
}

module-whatis {Description: This distribution already contains several pipelines/protocols/parameter files which you can use 'out-of-the-box' to align and impute your NGS data using MOLGENIS Compute. - Homepage: https://github.com/molgenis/molgenis-pipelines}

set root /apps/software/ngs-utils/15.07.1

conflict ngs-utils

if { ![ is-loaded Text-CSV/1.33-goolf-1.7.20 ] } {
    module load Text-CSV/1.33-goolf-1.7.20
}

prepend-path	CLASSPATH		$root/ExpandWorksheetWithMergeWorksheet.jar
prepend-path	CLASSPATH		$root/InspectComputeJobs.jar
setenv	EBROOTNGSMINUTILS		"$root"
setenv	EBVERSIONNGSMINUTILS		"15.07.1"
setenv	EBDEVELNGSMINUTILS		"$root/easybuild/ngs-utils-15.07.1-easybuild-devel"

prepend-path	PATH		$root
# Built with EasyBuild version 2.1.1

== 2015-07-08 09:56:12,078 main.environment INFO Environment variable EBDEVELEASYBUILD set to /apps/software/EasyBuild/2.1.1/easybuild/EasyBuild-2.1.1-easybuild-devel (previously undefined)
== 2015-07-08 09:56:12,078 main.environment INFO Environment variable LIBRARY_PATH set to /apps/software/EasyBuild/2.1.1/lib (previously undefined)
== 2015-07-08 09:56:12,079 main.environment INFO Environment variable _ModuleTable003_ set to c2hhcmUvTW9kdWxlcy9tb2R1bGVmaWxlcyIsIi91c3Ivc2hhcmUvbW9kdWxlZmlsZXMvTGludXgiLCIvdXNyL3NoYXJlL21vZHVsZWZpbGVzL0NvcmUiLCIvdXNyL3NoYXJlL2xtb2QvbG1vZC9tb2R1bGVmaWxlcy9Db3JlIix9LFsic3lzdGVtQmFzZU1QQVRIIl09Ii9ldGMvbW9kdWxlZmlsZXM6L3Vzci9zaGFyZS9tb2R1bGVmaWxlczovdXNyL3NoYXJlL01vZHVsZXMvbW9kdWxlZmlsZXM6L3Vzci9zaGFyZS9tb2R1bGVmaWxlcy9MaW51eDovdXNyL3NoYXJlL21vZHVsZWZpbGVzL0NvcmU6L3Vzci9zaGFyZS9sbW9kL2xtb2QvbW9kdWxlZmlsZXMvQ29yZSIsWyJ2ZXJzaW9uIl09Mix9 (previous value: 'bW9kL21vZHVsZWZpbGVzL0NvcmUiLH0sWyJzeXN0ZW1CYXNlTVBBVEgiXT0iL2V0Yy9tb2R1bGVmaWxlczovdXNyL3NoYXJlL21vZHVsZWZpbGVzOi91c3Ivc2hhcmUvTW9kdWxlcy9tb2R1bGVmaWxlczovdXNyL3NoYXJlL21vZHVsZWZpbGVzL0xpbnV4Oi91c3Ivc2hhcmUvbW9kdWxlZmlsZXMvQ29yZTovdXNyL3NoYXJlL2xtb2QvbG1vZC9tb2R1bGVmaWxlcy9Db3JlIixbInZlcnNpb24iXT0yLH0=')
== 2015-07-08 09:56:12,079 main.environment INFO Environment variable PYTHONPATH set to /apps/software/EasyBuild/2.1.1/lib/python2.6/site-packages (previously undefined)
== 2015-07-08 09:56:12,079 main.environment INFO Environment variable _ModuleTable001_ set to X01vZHVsZVRhYmxlXz17WyJhY3RpdmVTaXplIl09MSxiYXNlTXBhdGhBPXsiL2FwcHMvbW9kdWxlcy9hbGwiLCIvYXBwcy9tb2R1bGVzL2JpbyIsIi9ldGMvbW9kdWxlZmlsZXMiLCIvdXNyL3NoYXJlL21vZHVsZWZpbGVzIiwiL3Vzci9zaGFyZS9sbW9kLzUuNy41L21vZHVsZWZpbGVzL0NvcmUiLCIvZ2NjL2dyb3Vwcy9nY2MvaG9tZS9ya2FubmluZ2EvbW9kdWxlcyIsIi91c3Ivc2hhcmUvTW9kdWxlcy9tb2R1bGVmaWxlcyIsIi91c3Ivc2hhcmUvbW9kdWxlZmlsZXMvTGludXgiLCIvdXNyL3NoYXJlL21vZHVsZWZpbGVzL0NvcmUiLCIvdXNyL3NoYXJlL2xtb2QvbG1vZC9tb2R1bGVmaWxlcy9Db3JlIix9LFsiY19yZWJ1aWxkVGltZSJdPTg2NDAwLFsiY19zaG9ydFRpbWUi (previous value: 'X01vZHVsZVRhYmxlXz17WyJhY3RpdmVTaXplIl09MCxiYXNlTXBhdGhBPXsiL3RtcC9lYi1MQmJpX1QvdG1wNUJjWHB6L2FsbCIsIi9hcHBzL21vZHVsZXMvYWxsIiwiL2FwcHMvbW9kdWxlcy9iaW8iLCIvZXRjL21vZHVsZWZpbGVzIiwiL3Vzci9zaGFyZS9tb2R1bGVmaWxlcyIsIi91c3Ivc2hhcmUvbG1vZC81LjcuNS9tb2R1bGVmaWxlcy9Db3JlIiwiL2djYy9ncm91cHMvZ2NjL2hvbWUvcmthbm5pbmdhL21vZHVsZXMiLCIvdXNyL3NoYXJlL01vZHVsZXMvbW9kdWxlZmlsZXMiLCIvdXNyL3NoYXJlL21vZHVsZWZpbGVzL0xpbnV4IiwiL3Vzci9zaGFyZS9tb2R1bGVmaWxlcy9Db3JlIiwiL3Vzci9zaGFyZS9sbW9kL2xtb2QvbW9kdWxlZmlsZXMvQ29yZSIsfSxbImNfcmVi')
== 2015-07-08 09:56:12,079 main.environment INFO Environment variable PATH set to /apps/modules:/apps/software/EasyBuild/2.1.1/bin:/usr/share/lmod/lmod/libexec:/usr/lib64/qt-3.3/bin:/usr/local/bin:/bin:/usr/bin:/usr/local/sbin:/usr/sbin:/sbin:/home/umcg-rkanninga/bin (previous value: '/apps/modules:/usr/share/lmod/lmod/libexec:/usr/lib64/qt-3.3/bin:/usr/local/bin:/bin:/usr/bin:/usr/local/sbin:/usr/sbin:/sbin:/home/umcg-rkanninga/bin')
== 2015-07-08 09:56:12,080 main.environment INFO Environment variable EBROOTEASYBUILD set to /apps/software/EasyBuild/2.1.1 (previously undefined)
== 2015-07-08 09:56:12,080 main.environment INFO Environment variable EBVERSIONEASYBUILD set to 2.1.1 (previously undefined)
== 2015-07-08 09:56:12,080 main.environment INFO Environment variable MODULEPATH set to /apps/modules/all:/apps/modules/bio:/etc/modulefiles:/usr/share/modulefiles:/usr/share/lmod/5.7.5/modulefiles/Core:/gcc/groups/gcc/home/rkanninga/modules:/usr/share/Modules/modulefiles:/usr/share/modulefiles/Linux:/usr/share/modulefiles/Core:/usr/share/lmod/lmod/modulefiles/Core (previous value: '/tmp/eb-LBbi_T/tmp5BcXpz/all:/apps/modules/all:/apps/modules/bio:/etc/modulefiles:/usr/share/modulefiles:/usr/share/lmod/5.7.5/modulefiles/Core:/gcc/groups/gcc/home/rkanninga/modules:/usr/share/Modules/modulefiles:/usr/share/modulefiles/Linux:/usr/share/modulefiles/Core:/usr/share/lmod/lmod/modulefiles/Core')
== 2015-07-08 09:56:12,080 main.environment INFO Environment variable _LMFILES_ set to /apps/modules/all/EasyBuild/2.1.1 (previously undefined)
== 2015-07-08 09:56:12,080 main.environment INFO Environment variable LOADEDMODULES set to EasyBuild/2.1.1 (previously undefined)
== 2015-07-08 09:56:12,081 main.environment INFO Environment variable LMOD_DEFAULT_MODULEPATH set to /apps/modules/all:/apps/modules/bio:/etc/modulefiles:/usr/share/modulefiles:/usr/share/lmod/5.7.5/modulefiles/Core:/gcc/groups/gcc/home/rkanninga/modules:/usr/share/Modules/modulefiles:/usr/share/modulefiles/Linux:/usr/share/modulefiles/Core:/usr/share/lmod/lmod/modulefiles/Core (previous value: '/tmp/eb-LBbi_T/tmp5BcXpz/all:/apps/modules/all:/apps/modules/bio:/etc/modulefiles:/usr/share/modulefiles:/usr/share/lmod/5.7.5/modulefiles/Core:/gcc/groups/gcc/home/rkanninga/modules:/usr/share/Modules/modulefiles:/usr/share/modulefiles/Linux:/usr/share/modulefiles/Core:/usr/share/lmod/lmod/modulefiles/Core')
== 2015-07-08 09:56:12,081 main.environment INFO Environment variable _ModuleTable002_ set to XT1mYWxzZSxmYW1pbHk9e30saW5hY3RpdmU9e30sbVQ9e0Vhc3lCdWlsZD17WyJGTiJdPSIvYXBwcy9tb2R1bGVzL2FsbC9FYXN5QnVpbGQvMi4xLjEiLFsiZGVmYXVsdCJdPTAsWyJmdWxsTmFtZSJdPSJFYXN5QnVpbGQvMi4xLjEiLFsibG9hZE9yZGVyIl09MSxwcm9wVD17fSxbInNob3J0Il09IkVhc3lCdWlsZCIsWyJzdGF0dXMiXT0iYWN0aXZlIix9LH0sbXBhdGhBPXsiL2FwcHMvbW9kdWxlcy9hbGwiLCIvYXBwcy9tb2R1bGVzL2JpbyIsIi9ldGMvbW9kdWxlZmlsZXMiLCIvdXNyL3NoYXJlL21vZHVsZWZpbGVzIiwiL3Vzci9zaGFyZS9sbW9kLzUuNy41L21vZHVsZWZpbGVzL0NvcmUiLCIvZ2NjL2dyb3Vwcy9nY2MvaG9tZS9ya2FubmluZ2EvbW9kdWxlcyIsIi91c3Iv (previous value: 'dWlsZFRpbWUiXT04NjQwMCxbImNfc2hvcnRUaW1lIl09ZmFsc2UsZmFtaWx5PXt9LGluYWN0aXZlPXt9LG1UPXt9LG1wYXRoQT17Ii90bXAvZWItTEJiaV9UL3RtcDVCY1hwei9hbGwiLCIvYXBwcy9tb2R1bGVzL2FsbCIsIi9hcHBzL21vZHVsZXMvYmlvIiwiL2V0Yy9tb2R1bGVmaWxlcyIsIi91c3Ivc2hhcmUvbW9kdWxlZmlsZXMiLCIvdXNyL3NoYXJlL2xtb2QvNS43LjUvbW9kdWxlZmlsZXMvQ29yZSIsIi9nY2MvZ3JvdXBzL2djYy9ob21lL3JrYW5uaW5nYS9tb2R1bGVzIiwiL3Vzci9zaGFyZS9Nb2R1bGVzL21vZHVsZWZpbGVzIiwiL3Vzci9zaGFyZS9tb2R1bGVmaWxlcy9MaW51eCIsIi91c3Ivc2hhcmUvbW9kdWxlZmlsZXMvQ29yZSIsIi91c3Ivc2hhcmUvbG1vZC9s')
== 2015-07-08 09:56:14,499 main.Lmod INFO $MODULEPATH set based on list of module paths (via 'module use'): /tmp/eb-LBbi_T/tmp5BcXpz/all:/apps/modules/all:/apps/modules/bio:/etc/modulefiles:/usr/share/modulefiles:/usr/share/lmod/5.7.5/modulefiles/Core:/gcc/groups/gcc/home/rkanninga/modules:/usr/share/Modules/modulefiles:/usr/share/modulefiles/Linux:/usr/share/modulefiles/Core:/usr/share/lmod/lmod/modulefiles/Core
== 2015-07-08 09:56:15,092 main.filetools INFO Creating directory /apps/software/ngs-utils/15.07.1/easybuild (parents: True, set_gid: False, sticky: False)
== 2015-07-08 09:56:15,606 main.filetools INFO Path /tmp/eb-LBbi_T/tmp5BcXpz successfully removed.
== 2015-07-08 09:56:15,607 main.environment INFO Environment variable LOADEDMODULES set to EasyBuild/2.1.1 (previous value: 'EasyBuild/2.1.1:GCC/4.8.4:numactl/2.0.10-GCC-4.8.4:hwloc/1.10.1-GCC-4.8.4:OpenMPI/1.8.4-GCC-4.8.4:OpenBLAS/0.2.13-GCC-4.8.4-LAPACK-3.5.0:gompi/1.7.20:FFTW/3.3.4-gompi-1.7.20:ScaLAPACK/2.0.2-gompi-1.7.20-OpenBLAS-0.2.13-LAPACK-3.5.0:goolf/1.7.20:Perl/5.20.2-goolf-1.7.20-bare:Text-CSV/1.33-goolf-1.7.20')
== 2015-07-08 09:56:15,607 main.environment INFO Environment variable _ModuleTable003_ set to c2hhcmUvTW9kdWxlcy9tb2R1bGVmaWxlcyIsIi91c3Ivc2hhcmUvbW9kdWxlZmlsZXMvTGludXgiLCIvdXNyL3NoYXJlL21vZHVsZWZpbGVzL0NvcmUiLCIvdXNyL3NoYXJlL2xtb2QvbG1vZC9tb2R1bGVmaWxlcy9Db3JlIix9LFsic3lzdGVtQmFzZU1QQVRIIl09Ii9ldGMvbW9kdWxlZmlsZXM6L3Vzci9zaGFyZS9tb2R1bGVmaWxlczovdXNyL3NoYXJlL01vZHVsZXMvbW9kdWxlZmlsZXM6L3Vzci9zaGFyZS9tb2R1bGVmaWxlcy9MaW51eDovdXNyL3NoYXJlL21vZHVsZWZpbGVzL0NvcmU6L3Vzci9zaGFyZS9sbW9kL2xtb2QvbW9kdWxlZmlsZXMvQ29yZSIsWyJ2ZXJzaW9uIl09Mix9 (previous value: 'Rk4iXT0iL2FwcHMvbW9kdWxlcy9hbGwvR0NDLzQuOC40IixbImRlZmF1bHQiXT0wLFsiZnVsbE5hbWUiXT0iR0NDLzQuOC40IixbImxvYWRPcmRlciJdPTIscHJvcFQ9e30sWyJzaG9ydCJdPSJHQ0MiLFsic3RhdHVzIl09ImFjdGl2ZSIsfSxPcGVuQkxBUz17WyJGTiJdPSIvYXBwcy9tb2R1bGVzL2FsbC9PcGVuQkxBUy8wLjIuMTMtR0NDLTQuOC40LUxBUEFDSy0zLjUuMCIsWyJkZWZhdWx0Il09MCxbImZ1bGxOYW1lIl09Ik9wZW5CTEFTLzAuMi4xMy1HQ0MtNC44LjQtTEFQQUNLLTMuNS4wIixbImxvYWRPcmRlciJdPTYscHJvcFQ9e30sWyJzaG9ydCJdPSJPcGVuQkxBUyIsWyJzdGF0dXMiXT0iYWN0aXZlIix9LE9wZW5NUEk9e1siRk4iXT0iL2FwcHMvbW9kdWxlcy9hbGwv')
== 2015-07-08 09:56:15,607 main.environment INFO Environment variable LD_LIBRARY_PATH set to /apps/software/EasyBuild/2.1.1/lib (previous value: '/apps/software/Text-CSV/1.33-goolf-1.7.20/lib:/apps/software/Perl/5.20.2-goolf-1.7.20-bare/lib:/apps/software/ScaLAPACK/2.0.2-gompi-1.7.20-OpenBLAS-0.2.13-LAPACK-3.5.0/lib:/apps/software/FFTW/3.3.4-gompi-1.7.20/lib:/apps/software/OpenBLAS/0.2.13-GCC-4.8.4-LAPACK-3.5.0/lib:/apps/software/OpenMPI/1.8.4-GCC-4.8.4/lib:/apps/software/hwloc/1.10.1-GCC-4.8.4/lib:/apps/software/numactl/2.0.10-GCC-4.8.4/lib:/apps/software/GCC/4.8.4/lib/gcc/x86_64-unknown-linux-gnu/4.8.4:/apps/software/GCC/4.8.4/lib64:/apps/software/GCC/4.8.4/lib:/apps/software/EasyBuild/2.1.1/lib')
== 2015-07-08 09:56:15,607 main.environment INFO Environment variable LIBRARY_PATH set to /apps/software/EasyBuild/2.1.1/lib (previous value: '/apps/software/Text-CSV/1.33-goolf-1.7.20/lib:/apps/software/Perl/5.20.2-goolf-1.7.20-bare/lib:/apps/software/ScaLAPACK/2.0.2-gompi-1.7.20-OpenBLAS-0.2.13-LAPACK-3.5.0/lib:/apps/software/FFTW/3.3.4-gompi-1.7.20/lib:/apps/software/OpenBLAS/0.2.13-GCC-4.8.4-LAPACK-3.5.0/lib:/apps/software/OpenMPI/1.8.4-GCC-4.8.4/lib:/apps/software/hwloc/1.10.1-GCC-4.8.4/lib:/apps/software/numactl/2.0.10-GCC-4.8.4/lib:/apps/software/GCC/4.8.4/lib64:/apps/software/GCC/4.8.4/lib:/apps/software/EasyBuild/2.1.1/lib')
== 2015-07-08 09:56:15,608 main.environment INFO Environment variable MANPATH set to /usr/share/lmod/lmod/share/man (previous value: '/apps/software/Text-CSV/1.33-goolf-1.7.20/man:/apps/software/Perl/5.20.2-goolf-1.7.20-bare/man:/apps/software/FFTW/3.3.4-gompi-1.7.20/share/man:/apps/software/OpenMPI/1.8.4-GCC-4.8.4/share/man:/apps/software/hwloc/1.10.1-GCC-4.8.4/share/man:/apps/software/numactl/2.0.10-GCC-4.8.4/share/man:/apps/software/GCC/4.8.4/share/man:/usr/share/lmod/lmod/share/man')
== 2015-07-08 09:56:15,608 main.environment INFO Environment variable _LMFILES_ set to /apps/modules/all/EasyBuild/2.1.1 (previous value: '/apps/modules/all/EasyBuild/2.1.1:/apps/modules/all/GCC/4.8.4:/apps/modules/all/numactl/2.0.10-GCC-4.8.4:/apps/modules/all/hwloc/1.10.1-GCC-4.8.4:/apps/modules/all/OpenMPI/1.8.4-GCC-4.8.4:/apps/modules/all/OpenBLAS/0.2.13-GCC-4.8.4-LAPACK-3.5.0:/apps/modules/all/gompi/1.7.20:/apps/modules/all/FFTW/3.3.4-gompi-1.7.20:/apps/modules/all/ScaLAPACK/2.0.2-gompi-1.7.20-OpenBLAS-0.2.13-LAPACK-3.5.0:/apps/modules/all/goolf/1.7.20:/apps/modules/all/Perl/5.20.2-goolf-1.7.20-bare:/apps/modules/all/Text-CSV/1.33-goolf-1.7.20')
== 2015-07-08 09:56:15,608 main.environment INFO Environment variable _ModuleTable_Sz_ set to 3 (previous value: '9')
== 2015-07-08 09:56:15,608 main.environment INFO Environment variable _ModuleTable001_ set to X01vZHVsZVRhYmxlXz17WyJhY3RpdmVTaXplIl09MSxiYXNlTXBhdGhBPXsiL2FwcHMvbW9kdWxlcy9hbGwiLCIvYXBwcy9tb2R1bGVzL2JpbyIsIi9ldGMvbW9kdWxlZmlsZXMiLCIvdXNyL3NoYXJlL21vZHVsZWZpbGVzIiwiL3Vzci9zaGFyZS9sbW9kLzUuNy41L21vZHVsZWZpbGVzL0NvcmUiLCIvZ2NjL2dyb3Vwcy9nY2MvaG9tZS9ya2FubmluZ2EvbW9kdWxlcyIsIi91c3Ivc2hhcmUvTW9kdWxlcy9tb2R1bGVmaWxlcyIsIi91c3Ivc2hhcmUvbW9kdWxlZmlsZXMvTGludXgiLCIvdXNyL3NoYXJlL21vZHVsZWZpbGVzL0NvcmUiLCIvdXNyL3NoYXJlL2xtb2QvbG1vZC9tb2R1bGVmaWxlcy9Db3JlIix9LFsiY19yZWJ1aWxkVGltZSJdPTg2NDAwLFsiY19zaG9ydFRpbWUi (previous value: 'X01vZHVsZVRhYmxlXz17WyJhY3RpdmVTaXplIl09MTIsYmFzZU1wYXRoQT17Ii9hcHBzL21vZHVsZXMvYWxsIiwiL2FwcHMvbW9kdWxlcy9iaW8iLCIvZXRjL21vZHVsZWZpbGVzIiwiL3Vzci9zaGFyZS9tb2R1bGVmaWxlcyIsIi91c3Ivc2hhcmUvbG1vZC81LjcuNS9tb2R1bGVmaWxlcy9Db3JlIiwiL2djYy9ncm91cHMvZ2NjL2hvbWUvcmthbm5pbmdhL21vZHVsZXMiLCIvdXNyL3NoYXJlL01vZHVsZXMvbW9kdWxlZmlsZXMiLCIvdXNyL3NoYXJlL21vZHVsZWZpbGVzL0xpbnV4IiwiL3Vzci9zaGFyZS9tb2R1bGVmaWxlcy9Db3JlIiwiL3Vzci9zaGFyZS9sbW9kL2xtb2QvbW9kdWxlZmlsZXMvQ29yZSIsfSxbImNfcmVidWlsZFRpbWUiXT04NjQwMCxbImNfc2hvcnRUaW1l')
== 2015-07-08 09:56:15,609 main.environment INFO Environment variable PATH set to /apps/modules:/apps/software/EasyBuild/2.1.1/bin:/usr/share/lmod/lmod/libexec:/usr/lib64/qt-3.3/bin:/usr/local/bin:/bin:/usr/bin:/usr/local/sbin:/usr/sbin:/sbin:/home/umcg-rkanninga/bin (previous value: '/apps/software/Perl/5.20.2-goolf-1.7.20-bare/bin:/apps/software/FFTW/3.3.4-gompi-1.7.20/bin:/apps/software/OpenBLAS/0.2.13-GCC-4.8.4-LAPACK-3.5.0/bin:/apps/software/OpenMPI/1.8.4-GCC-4.8.4/bin:/apps/software/hwloc/1.10.1-GCC-4.8.4/bin:/apps/software/numactl/2.0.10-GCC-4.8.4/bin:/apps/software/GCC/4.8.4/bin:/apps/modules:/apps/software/EasyBuild/2.1.1/bin:/usr/share/lmod/lmod/libexec:/usr/lib64/qt-3.3/bin:/usr/local/bin:/bin:/usr/bin:/usr/local/sbin:/usr/sbin:/sbin:/home/umcg-rkanninga/bin')
== 2015-07-08 09:56:15,609 main.environment INFO Environment variable _ModuleTable002_ set to XT1mYWxzZSxmYW1pbHk9e30saW5hY3RpdmU9e30sbVQ9e0Vhc3lCdWlsZD17WyJGTiJdPSIvYXBwcy9tb2R1bGVzL2FsbC9FYXN5QnVpbGQvMi4xLjEiLFsiZGVmYXVsdCJdPTAsWyJmdWxsTmFtZSJdPSJFYXN5QnVpbGQvMi4xLjEiLFsibG9hZE9yZGVyIl09MSxwcm9wVD17fSxbInNob3J0Il09IkVhc3lCdWlsZCIsWyJzdGF0dXMiXT0iYWN0aXZlIix9LH0sbXBhdGhBPXsiL2FwcHMvbW9kdWxlcy9hbGwiLCIvYXBwcy9tb2R1bGVzL2JpbyIsIi9ldGMvbW9kdWxlZmlsZXMiLCIvdXNyL3NoYXJlL21vZHVsZWZpbGVzIiwiL3Vzci9zaGFyZS9sbW9kLzUuNy41L21vZHVsZWZpbGVzL0NvcmUiLCIvZ2NjL2dyb3Vwcy9nY2MvaG9tZS9ya2FubmluZ2EvbW9kdWxlcyIsIi91c3Iv (previous value: 'Il09ZmFsc2UsZmFtaWx5PXt9LGluYWN0aXZlPXt9LG1UPXtFYXN5QnVpbGQ9e1siRk4iXT0iL2FwcHMvbW9kdWxlcy9hbGwvRWFzeUJ1aWxkLzIuMS4xIixbImRlZmF1bHQiXT0wLFsiZnVsbE5hbWUiXT0iRWFzeUJ1aWxkLzIuMS4xIixbImxvYWRPcmRlciJdPTEscHJvcFQ9e30sWyJzaG9ydCJdPSJFYXN5QnVpbGQiLFsic3RhdHVzIl09ImFjdGl2ZSIsfSxGRlRXPXtbIkZOIl09Ii9hcHBzL21vZHVsZXMvYWxsL0ZGVFcvMy4zLjQtZ29tcGktMS43LjIwIixbImRlZmF1bHQiXT0wLFsiZnVsbE5hbWUiXT0iRkZUVy8zLjMuNC1nb21waS0xLjcuMjAiLFsibG9hZE9yZGVyIl09OCxwcm9wVD17fSxbInNob3J0Il09IkZGVFciLFsic3RhdHVzIl09ImFjdGl2ZSIsfSxHQ0M9e1si')
== 2015-07-08 09:56:15,610 main.easyblock INFO Collecting build stats...
== 2015-07-08 09:56:16,134 main.filetools INFO Command python found at /usr/bin/python
== 2015-07-08 09:56:16,134 main.filetools INFO Command gcc found at /usr/bin/gcc
== 2015-07-08 09:56:16,135 main.easyblock INFO Build stats: OrderedDict([('easybuild-framework_version', '2.1.1'), ('easybuild-easyblocks_version', '2.1.1'), ('timestamp', 1436342175), ('build_time', 16.73), ('install_size', 23530839), ('command_line', ['--buildpath=/apps//.tmp/easybuild/builds/', '--force', '--installpath=/apps/', '--modules-tool=Lmod', '--sourcepath=/apps//sources/', 'ngs-utils-15.07.1.eb']), ('modules_tool', ('Lmod', '/usr/share/lmod/lmod/libexec/lmod', '5.7.5')), ('core_count', 48), ('cpu_model', 'Intel(R) Xeon(R) CPU E5-2697 v2 @ 2.70GHz'), ('cpu_speed', 2700.0749999999998), ('cpu_vendor', 'Intel'), ('gcc_version', 'Using built-in specs.; Target: x86_64-redhat-linux; Configured with: ../configure --prefix=/usr --mandir=/usr/share/man --infodir=/usr/share/info --with-bugurl=http://bugzilla.redhat.com/bugzilla --enable-bootstrap --enable-shared --enable-threads=posix --enable-checking=release --with-system-zlib --enable-__cxa_atexit --disable-libunwind-exceptions --enable-gnu-unique-object --enable-languages=c,c++,objc,obj-c++,java,fortran,ada --enable-java-awt=gtk --disable-dssi --with-java-home=/usr/lib/jvm/java-1.5.0-gcj-1.5.0.0/jre --enable-libgcj-multifile --enable-java-maintainer-mode --with-ecj-jar=/usr/share/java/eclipse-ecj.jar --disable-libjava-multilib --with-ppl --with-cloog --with-tune=generic --with-arch_32=i686 --build=x86_64-redhat-linux; Thread model: posix; gcc version 4.4.7 20120313 (Red Hat 4.4.7-11) (GCC) ; '), ('glibc_version', '2.12'), ('hostname', 'calculon'), ('os_name', 'SL'), ('os_type', 'Linux'), ('os_version', '6.6'), ('platform_name', 'x86_64-unknown-linux'), ('python_version', '2.6.6 (r266:84292, Jan 22 2014, 05:06:49) ; [GCC 4.4.7 20120313 (Red Hat 4.4.7-3)]'), ('system_gcc_path', '/usr/bin/gcc'), ('system_python_path', '/usr/bin/python')])
== 2015-07-08 09:56:16,159 main.PackedBinary INFO Closing log for application name ngs-utils version 15.07.1
